
// File generated by darts version U-2022.12#3eec2545bc#230622, Wed Feb 11 19:14:05 2026
// Copyright 2014-2022 Synopsys, Inc. All rights reserved.
// darts -I/home/Xilinx/Vitis/2023.2/aietools/data/aie_ml/lib -d -h -I/home/Xilinx/Vitis/2023.2/aietools/include -I/home/Xilinx/Vitis/2023.2/aietools/data/aie_ml/lib/runtime_cxx/libcxx-lite/include -I/home/Xilinx/Vitis/2023.2/aietools/data/aie_ml/lib/runtime_cxx/libs/libcxx-9.0.0/include-lite -I/home/Xilinx/Vitis/2023.2/aietools/data/aie_ml/lib/runtime/include -I/home/Xilinx/Vitis/2023.2/aietools/tps/boost_1_64_0 -D__AIENGINE__ -D__AIE_ARCH__=20 -D__AIEARCH__=20 -D__tct_tgt__=230622 -L +Ihex +nanno ukernel.o me

// Release: ipp U-2022.12-TGT-230622
.undef global data _ZN12me_primitive11control_satE

.undef global data _ZN12me_primitive11control_rndE

.text_segment_name
.text global 16 zero_f32
.tail_call
.function_start
	     0    0x00 0x00 0x00 0x00 0x00 0x95                                                                                                                                              J #memset
.delay_slot
	     6    0x00 0x00 0x20 0x80 0x00 0x55                                                                                                                                              MOVXM r1, #8192
.delay_slot
	    12    0x00 0x00 0x00 0x08 0x98 0x3b 0x28 0x43                                                                                                                                    MOVX r0, #0;                  MOV p1, p0
.delay_slot
.swstall delay_slot
	    20    0x00 0x01                                                                        NOPX
.delay_slot
.swstall delay_slot
	    22    0x00 0x01                                                                        NOPX
.label zero_f32__end last
.delay_slot
.swstall delay_slot
	    24    0x00 0x00 0x00 0x04 0x00 0x00 0x78 0x23                                          NOPA;                                                                                                                                                           NOPV

.undef global text memset

.text_segment_name
.text global 10 matmul_bf16_f32
.function_start
	     0    0x00 0x03 0x40 0x01 0x80 0xe8 0x00 0x3b 0x28 0x3b                                                              PADDB [sp], #64;                                            MOVX r24, #7;                 MOV r0, p0
	    10    0xff 0xac 0x80 0x00 0x1f 0x3b 0x20 0x03                                                                                                      ST r18, [sp, #-24];                                         MOV p0, p7
	    18    0xff 0x8e 0xd0 0x03 0x98 0x0b 0x20 0x03                                                                                                      ST p6, [sp, #-32];                                          MOV p7, r0
	    26    0x00 0x04 0xcf 0xfe 0xe6 0x01 0x72 0x08 0x05 0xcb 0x28 0x77                      MOVA r19, #0;                                               ST r19, [sp, #-12];           MOVX r23, #16;                MOV r0, r23
	    38    0xff 0x98 0xd0 0x01 0x67 0xe8 0x45 0x8b 0x29 0x3b                                                                                            ST p0, [sp, #-28];            MOVX r22, #63;                MOV r2, r22
	    48    0xff 0xb8 0x00 0x00 0x25 0x4b 0x20 0x03                                                                                                      ST r0, [sp, #-20];                                          MOV r1, r21
	    56    0xff 0xc8 0x80 0x00 0x00 0x00 0x38 0x48 0x11 0x3b                                                                                            ST r2, [sp, #-16];            MOVXM ls, #(ZLS_Fmatmul_bf16_f32_144 + 0)
	    66    0xff 0xec 0x00 0x00 0x00 0x02 0x38 0x90 0x11 0x3b                                                                                            ST r16, [sp, #-8];            MOVXM le, #(ZLE_Fmatmul_bf16_f32_288 + 0)
	    76    0xff 0xfc 0x40 0x02 0x42 0x3b 0x20 0x03                                                                                                      ST r17, [sp, #-4];                                          MOV r18, p2
	    84    0xff 0x7d 0x00 0x03 0x19 0x3b 0x20 0x03                                                                                                      ST r20, [sp, #-36];                                         MOV p6, p1
	    92    0x0f 0xfb 0x42 0x19                                                                                                                          ST r1, [sp, #-40]
	    96    0x00 0x00 0x00 0x00 0x07 0xfa 0xc2 0x80 0x00 0x00 0x00 0x03 0x88 0x00 0x03 0xc0  NOPA;                         NOPB;                         ST lr, [sp, #-44];            NOPX;                         NOPM;                                   NOPV
.label TGT_Fmatmul_bf16_f32_112
.loop_nesting 1
	   112    0x00 0x27 0x8c 0x6e 0x20 0x3f 0xc8 0x43                                                                                                                                    LSHL r24, r19, r24;           MOV r17, #31
	   120    0x14 0xb1 0x80 0x99                                                                                                                                                        ADD r24, r18, r24
	   124    0x18 0x3c 0x16 0x59                                                                                                                                                                                      MOV p0, r24
.label TGT_Fmatmul_bf16_f32_128
.loop_nesting 2
	   128    0x00 0x00 0x00 0x05 0x08 0x00 0x00 0x02 0x08 0x0a 0x00 0x3b 0x28 0x00 0x03 0xc0  MOVA r20, #0;                 NOPB;                         NOPS;                         MOVX lc, #64;                 MOV r16, p0;                            NOPV
.label ZLS_Fmatmul_bf16_f32_144
.loop_nesting 3
.begin_of_loop
	   144    0xe4 0xe6 0x78 0x21 0x06 0x8d                                                    LDA.u16 r25, [p7], #2;                                                                                                  MOV m0, #64
	   150    0x06 0x0b 0x31 0xd9                                                              LDA.u16 r24, [p6], m0
	   154    0x00 0x01                                                                        NOPX
.no_stack_arguments
	   156    0x00 0x00 0x00 0x00 0x01 0x15                                                                                                                                              JL #float32_mul
.delay_slot
.swstall delay_slot
	   162    0x00 0x01                                                                        NOPX
.delay_slot
.swstall delay_slot
	   164    0x00 0x01                                                                        NOPX
.delay_slot
.swstall delay_slot
	   166    0x00 0x01                                                                        NOPX
.delay_slot
	   168    0x16 0x43 0x7d 0x99                                                                                                                                                        LSHL r1, r25, r23
.delay_slot
	   172    0x16 0x05 0x7d 0x99                                                                                                                                                        LSHL r2, r24, r23
.return_address
.no_stack_arguments
	   176    0x00 0x00 0x00 0x00 0x00 0x00 0x00 0x00 0x00 0x00 0x00 0x00 0x40 0x00 0x03 0xc0  NOPA;                         NOPB;                         NOPS;                         JL #float32_add;                                                      NOPV
.delay_slot
	   192    0x00 0x00 0x00 0x00 0x00 0x00 0x00 0x00 0x00 0x00 0x45 0x0b 0x28 0x00 0x03 0xc0  NOPA;                         NOPB;                         NOPS;                         NOPX;                         MOV r2, r20;                            NOPV
.delay_slot
	   208    0x00 0x00 0x00 0x00 0x00 0x00 0x00 0x00 0x00 0x00 0x20 0x0b 0x28 0x00 0x03 0xc0  NOPA;                         NOPB;                         NOPS;                         NOPX;                         MOV r1, r0;                             NOPV
.delay_slot
.swstall delay_slot
	   224    0x00 0x00 0x00 0x00 0x00 0x00 0x00 0x00 0x00 0x00 0x00 0x03 0x88 0x00 0x03 0xc0  NOPA;                         NOPB;                         NOPS;                         NOPX;                         NOPM;                                   NOPV
.delay_slot
.swstall delay_slot
	   240    0x00 0x00 0x00 0x00 0x00 0x00 0x00 0x00 0x00 0x00 0x00 0x03 0x88 0x00 0x03 0xc0  NOPA;                         NOPB;                         NOPS;                         NOPX;                         NOPM;                                   NOPV
.delay_slot
.swstall delay_slot
	   256    0x00 0x00 0x00 0x00 0x00 0x00 0x00 0x00 0x00 0x00 0x00 0x03 0x88 0x00 0x03 0xc0  NOPA;                         NOPB;                         NOPS;                         NOPX;                         NOPM;                                   NOPV
.return_address
	   272    0x00 0x00 0x00 0x00 0x00 0x00 0x00 0x00 0x00 0x02 0x80 0x0b 0x28 0x00 0x03 0xc0  NOPA;                         NOPB;                         NOPS;                         NOPX;                         MOV r20, r0;                            NOPV
.label ZLE_Fmatmul_bf16_f32_288
.end_of_loop
.swstall bsr_to_loop_end
	   288    0x00 0x00 0x00 0x00 0x00 0x00 0x00 0x00 0x00 0x00 0x00 0x03 0x88 0x00 0x03 0xc0  NOPA;                         NOPB;                         NOPS;                         NOPX;                         NOPM;                                   NOPV
.loop_nesting 2
	   304    0x18 0x38 0x16 0x59                                                                                                                                                                                      MOV p0, r16
	   308    0x00 0x02 0x84 0x59                                                              LDA r2, [p0, #0]
.no_stack_arguments
	   312    0x00 0x00 0x00 0x00 0x01 0x15                                                                                                                                              JL #float32_add
.delay_slot
.swstall delay_slot
	   318    0x00 0x01                                                                        NOPX
.delay_slot
.swstall delay_slot
	   320    0x00 0x01                                                                        NOPX
.delay_slot
.swstall delay_slot
	   322    0x00 0x01                                                                        NOPX
.delay_slot
.swstall delay_slot
	   324    0x00 0x01                                                                        NOPX
.delay_slot
	   326    0x00 0x00 0x00 0x00 0x00 0x00 0x25 0x0b 0x2e 0xbb                                NOPA;                         NOPB;                                                                                     MOV r1, r20
.return_address
	   336    0x00 0x00 0x04 0x61 0x00 0x55                                                                                                                                              MOVXM p2, #(TGT_Fmatmul_bf16_f32_128 + 0)
	   342    0x14 0x62 0x8c 0x19                                                                                                                                                        JNZD r17, r17, p2
.delay_slot
	   346    0x18 0x38 0x16 0x59                                                                                                                                                                                      MOV p0, r16
.delay_slot
	   350    0xff 0xff 0xf0 0x40 0x04 0x55                                                                                                                                              MOVXM m0, #-4094
.delay_slot
	   356    0xff 0x06 0x76 0x0b 0x08 0x03 0x80 0x33                                          PADDA [p7], #-128;            PADDB [p6], m0;               ST r0, [p0], #4
.delay_slot
.swstall delay_slot
	   364    0x00 0x01                                                                        NOPX
.delay_slot
.swstall delay_slot
	   366    0x00 0x01                                                                        NOPX
.loop_nesting 1
	   368    0x00 0x00 0x00 0x60 0xe0 0x55                                                                                                                                              MOVXM p0, #(TGT_Fmatmul_bf16_f32_112 + 0)
	   374    0x15 0xac 0x0c 0x19                                                                                                                                                        JNZD r22, r22, p0
.delay_slot
	   378    0xe1 0x06 0x76 0xfb 0x10 0x01 0x80 0xea 0x64 0xc3 0x78 0xb7                      PADDA [p7], #128;             PADDB [p6], #-64;                                           MOVX r24, #7;                 ADD.NC r19, r19, #1
.delay_slot
.swstall delay_slot
	   390    0x00 0x01                                                                        NOPX
.delay_slot
.swstall delay_slot
	   392    0x00 0x01                                                                        NOPX
.delay_slot
.swstall delay_slot
	   394    0x00 0x01                                                                        NOPX
.delay_slot
.swstall delay_slot
	   396    0x00 0x01                                                                        NOPX
.loop_nesting 0
	   398    0x07 0xfa 0xc2 0xd9                                                              LDA lr, [sp, #-44]
	   402    0x07 0xfb 0x6a 0x59                                                              LDA r21, [sp, #-40]
	   406    0x07 0xfb 0xe8 0x59                                                              LDA r20, [sp, #-36]
	   410    0x07 0xff 0xe2 0x59                                                              LDA r17, [sp, #-4]
	   414    0x07 0xff 0x60 0x59                                                              LDA r16, [sp, #-8]
	   418    0x07 0xfe 0xe6 0x59                                                              LDA r19, [sp, #-12]
	   422    0x07 0xfe 0x6c 0x59                                                              LDA r22, [sp, #-16]
	   426    0x07 0xfd 0xee 0x59                                                              LDA r23, [sp, #-20]
	   430    0x07 0xfd 0x64 0x59                                                              LDA r18, [sp, #-24]
	   434    0x07 0xfc 0xfe 0xd9                                                              LDA p7, [sp, #-28]
	   438    0x07 0xfc 0x76 0xd9                                                              LDA p6, [sp, #-32]
	   442    0x10 0x00 0x18 0x19                                                                                                                                                        RET lr
.delay_slot
.swstall delay_slot
	   446    0x00 0x01                                                                        NOPX
.delay_slot
.swstall delay_slot
	   448    0x00 0x01                                                                        NOPX
.delay_slot
.swstall delay_slot
	   450    0x00 0x01                                                                        NOPX
.delay_slot
.swstall delay_slot
	   452    0x00 0x01                                                                        NOPX
.label matmul_bf16_f32__end last
.delay_slot
	   454    0x00 0x00 0x07 0xff 0xc0 0x00 0x00 0x03 0x8e 0xbb                                NOPA;                         PADDB [sp], #-64;                                                                         NOPM

.undef global text float32_mul

.undef global text float32_add



.direct_eval +,-,(,)
